MSE
[0.0010551790473982692, 0.0010577135253697634, 0.00106274732388556, 0.00106037687510252, 0.0010588319273665547]
mean 0.0010589697398245335
std  2.5383690483915495e-06

uncal
NLL
[-0.7415629029273987, -0.7314741611480713, -0.6816345453262329, -0.7062187790870667, -0.7168467044830322]
mean -0.7155474185943603
std  0.020829119931635928
UCE
[0.0009315711795352399, 0.0009399814298376441, 0.0009463607566431165, 0.000936293916311115, 0.0009373185457661748]
mean 0.09383051842451096
std  0.0005432934849523008

aux
NLL
[-6.108466625213623, -6.107545852661133, -6.098530292510986, -6.102081775665283, -6.10351037979126]
mean -6.104026985168457
std  0.003642998310714165
UCE
[0.0004853850114159286, 0.0004869044933002442, 0.0005134239327162504, 0.0004884271183982491, 0.0005062830168753862]
mean 0.04960847273468971
std  0.001286518992856145

s
NLL
[-5.992803573608398, -5.991076946258545, -5.985888957977295, -5.987916469573975, -5.989081859588623]
mean -5.9893535614013675
std  0.0024089487863428903
UCE
[0.0005118990666233003, 0.0005100421840324998, 0.0005003000842407346, 0.000504202616866678, 0.0005109820631332695]
mean 0.050748519599437714
std  0.0005016217473894358
S = 3.2405645847320557

