MSE
[0.0008913077181205153, 0.0008875172934494913, 0.0008944867295213044, 0.0009037349955178797, 0.000885393179487437]
mean 0.0008924879832193256
std  6.433153113503939e-06

uncal
NLL
[-5.100878715515137, -5.1109843254089355, -5.090693473815918, -5.063291549682617, -5.117093563079834]
mean -5.0965883255004885
std  0.01891846497090008
UCE
[0.0006380820996128023, 0.0006341659463942051, 0.0006412472575902939, 0.0006506987265311182, 0.0006320429383777082]
mean 0.06392474472522736
std  0.0007318038842640817

aux
NLL
[-6.06516695022583, -6.067253112792969, -6.063063621520996, -6.057292938232422, -6.068565368652344]
mean -6.064268398284912
std  0.003956978661010844
UCE
[0.0005432431353256106, 0.0005351968575268984, 0.0005474191275425255, 0.0005499215330928564, 0.0005560223944485188]
mean 0.05463606119155884
std  0.0007770112133584917

s
NLL
[-6.071095943450928, -6.072808265686035, -6.069219589233398, -6.06412410736084, -6.073911666870117]
mean -6.070231914520264
std  0.003442522896417242
UCE
[0.0005828171269968152, 0.0005870279856026173, 0.0005808329442515969, 0.0006310958415269852, 0.0005784488748759031]
mean 0.059204451739788055
std  0.002205593278631568
S = 2.2468433380126953

