MSE
[0.0003969059034716338, 0.0003977819287683815, 0.0003987892996519804, 0.00039919529808685184, 0.0003981840854976326]
mean 0.00039817130309529605
std  7.97934514937072e-07

uncal
NLL
[-0.5489963293075562, -0.521896481513977, -0.5135089755058289, -0.5091463327407837, -0.5404638648033142]
mean -0.526802396774292
std  0.015438432567567488
UCE
[0.00035667576594278216, 0.00035754209966398776, 0.000358547578798607, 0.00035893000313080847, 0.00035793951246887445]
mean 0.035792697221040726
std  8.810542931314558e-05

aux
NLL
[-6.319185256958008, -6.3185224533081055, -6.318174839019775, -6.317667007446289, -6.318715572357178]
mean -6.318453025817871
std  0.0005109062691702391
UCE
[0.0009995086584240198, 0.000998712028376758, 0.000997669529169798, 0.0009976722067222, 0.0009983530035242438]
mean 0.09983830153942108
std  7.730552169959992e-05

s
NLL
[-6.332223892211914, -6.331446170806885, -6.331329345703125, -6.33058500289917, -6.331912040710449]
mean -6.331499290466309
std  0.0005591127131353427
UCE
[0.0009328498272225261, 0.0009341908735223114, 0.0009340975084342062, 0.0009382151765748858, 0.0009334937785752118]
mean 0.0934569388628006
std  0.00021078248391859233
S = 6.068554401397705

