MSE
[0.006120039615780115, 0.006136961746960878, 0.006150446832180023, 0.006138060241937637, 0.0062113297171890736]
mean 0.006151367630809546
std  3.1503524522934906e-05

uncal
NLL
[-5.165155410766602, -5.197622299194336, -5.130306720733643, -5.117508888244629, -5.17773962020874]
mean -5.15766658782959
std  0.02972093919109254
UCE
[0.0020057400688529015, 0.002052889671176672, 0.002151878084987402, 0.0021268019918352365, 0.0019847408402711153]
mean 0.2064410001039505
std  0.007325551938265562

aux
NLL
[-5.840557098388672, -5.866292476654053, -5.815215110778809, -5.8207879066467285, -5.854012489318848]
mean -5.839373016357422
std  0.019335895461088087
UCE
[0.0038472365122288465, 0.003818161552771926, 0.003760706866160035, 0.0038483310490846634, 0.0038521632086485624]
mean 0.3825319707393646
std  0.0038589234463870525

s
NLL
[-5.699944972991943, -5.71606969833374, -5.687079906463623, -5.6830854415893555, -5.70119571685791]
mean -5.697475147247315
std  0.011668973111764687
UCE
[0.0015429691411554813, 0.0014425399713218212, 0.0016075161984190345, 0.001434650388546288, 0.0017112493515014648]
mean 0.15477851033210754
std  0.011639109812676907
S = 1.6225992441177368

