MSE
[0.005901368800550699, 0.0058834548108279705, 0.005819257814437151, 0.00586151285097003, 0.005898285191506147]
mean 0.005872775893658399
std  3.024354082207726e-05

uncal
NLL
[-3.099691152572632, -3.0596537590026855, -3.1731817722320557, -3.12610125541687, -3.0789084434509277]
mean -3.107507276535034
std  0.039567207694006595
UCE
[0.004939742852002382, 0.0049231224693357944, 0.0048605152405798435, 0.004904435481876135, 0.0049367924220860004]
mean 0.49129217863082886
std  0.0032448810525238514

aux
NLL
[-5.986874103546143, -5.950732707977295, -6.013230800628662, -6.011754512786865, -5.979142189025879]
mean -5.988346862792969
std  0.02310345481482177
UCE
[0.006509678438305855, 0.0065911915153265, 0.006375356577336788, 0.00652625085785985, 0.006558168679475784]
mean 0.6512128710746765
std  0.00825873576104641

s
NLL
[-5.530806064605713, -5.523636341094971, -5.547982692718506, -5.5377912521362305, -5.529258728027344]
mean -5.533895015716553
std  0.00836564987365767
UCE
[0.001012277789413929, 0.001006027334369719, 0.0008885309216566384, 0.0009070863015949726, 0.0010207097511738539]
mean 0.09669264405965805
std  0.006364936009049416
S = 2.295258045196533

