MSE
[0.006057976745069027, 0.006033606827259064, 0.006093363743275404, 0.006042111199349165, 0.006073061842471361]
mean 0.006060024071484804
std  2.146835118720457e-05

uncal
NLL
[-0.7157568335533142, -0.8602631688117981, -0.6197242140769958, -0.846240222454071, -0.8619804978370667]
mean -0.7807929873466491
std  0.0973273992334767
UCE
[0.005098125897347927, 0.005073435138911009, 0.005133092403411865, 0.005081105045974255, 0.005112363025546074]
mean 0.5099624395370483
std  0.0024049195926636457

aux
NLL
[-5.051618576049805, -5.067472457885742, -5.037783145904541, -5.065912246704102, -5.069751739501953]
mean -5.058507633209229
std  0.012153927689427281
UCE
[0.003607408609241247, 0.0035758353769779205, 0.0034940368495881557, 0.003552468027919531, 0.0034857862628996372]
mean 0.35431069135665894
std  0.005240949802100658

s
NLL
[-5.049429416656494, -5.063733100891113, -5.0363569259643555, -5.061962127685547, -5.064809799194336]
mean -5.055258274078369
std  0.010947442752580139
UCE
[0.002807087730616331, 0.0028825902845710516, 0.0027581399772316217, 0.002767902100458741, 0.002717092866078019]
mean 0.2786562442779541
std  0.006249938625842333
S = 2.9080042839050293

