MSE
[0.0036520238500088453, 0.003648112528026104, 0.0036633536219596863, 0.0036665417719632387, 0.0036631119437515736]
mean 0.0036586287431418897
std  7.2007636586330155e-06

uncal
NLL
[-0.776867687702179, -0.7556878924369812, -0.7566869258880615, -0.7168720364570618, -0.7579325437545776]
mean -0.7528094172477722
std  0.019595217953516347
UCE
[0.003079725196585059, 0.0030728322453796864, 0.0030871389899402857, 0.0030966808553785086, 0.003095210064202547]
mean 0.3086317479610443
std  0.0010154640767723322

aux
NLL
[-4.705908298492432, -4.704879283905029, -4.702330112457275, -4.699449062347412, -4.701221942901611]
mean -4.702757740020752
std  0.002362873386648144
UCE
[0.0005458656814880669, 0.0006211537984199822, 0.0005237804725766182, 0.0005292973946779966, 0.0005124084418639541]
mean 0.054650116711854935
std  0.004343941807746887

s
NLL
[-4.6984405517578125, -4.69597053527832, -4.694040298461914, -4.689391613006592, -4.692836284637451]
mean -4.694135856628418
std  0.0030365214364983426
UCE
[0.000497383822221309, 0.0005530831986106932, 0.00041038787458091974, 0.0005378163768909872, 0.0006819113623350859]
mean 0.053611647337675095
std  0.009855810552835464
S = 2.53562593460083

