MSE
[0.005268389824777842, 0.0052871727384626865, 0.005283072590827942, 0.005277375690639019, 0.00527139101177454]
mean 0.005277480371296406
std  6.999202726134459e-06

uncal
NLL
[-3.9970738887786865, -3.988759994506836, -3.9909069538116455, -3.9899485111236572, -3.991954803466797]
mean -3.9917288303375242
std  0.0028733157609711715
UCE
[0.0027736257761716843, 0.002790773520246148, 0.002796420594677329, 0.0027840572874993086, 0.002793828956782818]
mean 0.27877411246299744
std  0.0009143280331045389

aux
NLL
[-4.34033727645874, -4.335944652557373, -4.337000370025635, -4.336550712585449, -4.337615489959717]
mean -4.3374897003173825
std  0.0015253083354392156
UCE
[0.00017640908481553197, 0.00022329656349029392, 0.0002684334758669138, 0.00018225311941932887, 0.00022646829893346876]
mean 0.021537210792303085
std  0.0037471367977559566

s
NLL
[-4.342075347900391, -4.337714195251465, -4.3387603759765625, -4.338272571563721, -4.339330673217773]
mean -4.339230632781982
std  0.0015192773110026083
UCE
[0.0006705345585942268, 0.0006424630992114544, 0.0006164576625451446, 0.0006390783819369972, 0.0006038766587153077]
mean 0.06344820559024811
std  0.002572048222646117
S = 1.4004470109939575

