MSE
[0.003625723533332348, 0.00362485577352345, 0.003606213955208659, 0.0035952876787632704, 0.003622861113399267]
mean 0.003614988410845399
std  1.2163034677452804e-05

uncal
NLL
[6.386025428771973, 6.503265380859375, 6.369532585144043, 6.431766033172607, 6.317329406738281]
mean 6.4015837669372555
std  0.0626390567589487
UCE
[0.0030182600021362305, 0.0029199973214417696, 0.003007566789165139, 0.002941310638561845, 0.003039382165297866]
mean 0.29853034019470215
std  0.0051736244931817055

aux
NLL
[-4.752830505371094, -4.7528581619262695, -4.755446434020996, -4.7574944496154785, -4.743926525115967]
mean -4.752511215209961
std  0.004633947709024422
UCE
[0.0004527664859779179, 0.00032114158966578543, 0.0003282991237938404, 0.0003052983956877142, 0.00029979244573041797]
mean 0.034145958721637726
std  0.006328315008431673

s
NLL
[-4.6350812911987305, -4.625314712524414, -4.63960599899292, -4.6372971534729, -4.641592979431152]
mean -4.635778427124023
std  0.005669941382185382
UCE
[0.0012678196653723717, 0.0012292431201785803, 0.0012739640660583973, 0.0011731303529813886, 0.0011583853047341108]
mean 0.12205084413290024
std  0.005309454631060362
S = 3.97940993309021

