MSE
[0.007034809794276953, 0.00702200923115015, 0.007034951820969582, 0.0069167050532996655, 0.007006490603089333]
mean 0.007002993300557136
std  4.439174395236632e-05

uncal
NLL
[-5.670228958129883, -5.662198066711426, -5.669909954071045, -5.686702251434326, -5.6567230224609375]
mean -5.669152450561524
std  0.010125041515261403
UCE
[0.001200136379338801, 0.0011208790820091963, 0.0011986751342192292, 0.0010588563745841384, 0.0010728497290983796]
mean 0.11302793025970459
std  0.00671672448515892

aux
NLL
[-6.030797004699707, -6.012742042541504, -6.035037040710449, -6.033657550811768, -6.017005443572998]
mean -6.0258478164672855
std  0.009163810620891253
UCE
[0.003568339627236128, 0.0035667619667947292, 0.00364110479131341, 0.00361399888060987, 0.0034545205999165773]
mean 0.35689452290534973
std  0.007130029611289501

s
NLL
[-5.774022579193115, -5.764369964599609, -5.770358562469482, -5.781633377075195, -5.76493501663208]
mean -5.771063899993896
std  0.006377101406202933
UCE
[0.0016806136118248105, 0.0016442567575722933, 0.001421911409124732, 0.0015302058309316635, 0.0013358897995203733]
mean 0.15225756168365479
std  0.014562398195266724
S = 1.3297717571258545

