MSE
[0.006407006643712521, 0.006380744278430939, 0.006380447652190924, 0.00635911338031292, 0.006413049530237913]
mean 0.0063880722969770435
std  1.966125929819042e-05

uncal
NLL
[-2.8930983543395996, -2.954289436340332, -2.8605053424835205, -2.8079159259796143, -2.9355309009552]
mean -2.8902679920196532
std  0.05257977804736184
UCE
[0.004921623505651951, 0.004919156897813082, 0.004919571336358786, 0.004901379346847534, 0.00489012710750103]
mean 0.49103718996047974
std  0.0013956355396658182

aux
NLL
[-5.170844554901123, -5.186539173126221, -5.172983646392822, -5.153537273406982, -5.180647850036621]
mean -5.172910499572754
std  0.011182152788630014
UCE
[0.0031679163221269846, 0.00315666850656271, 0.0030620063189417124, 0.0032048027496784925, 0.003133269026875496]
mean 0.3144932687282562
std  0.005306423641741276

s
NLL
[-5.158557891845703, -5.173120975494385, -5.160729885101318, -5.144032001495361, -5.166409969329834]
mean -5.16057014465332
std  0.009687226275245852
UCE
[0.001993296667933464, 0.0018741623498499393, 0.0020049118902534246, 0.0021807460580021143, 0.0018123728223145008]
mean 0.19730980694293976
std  0.014156152494251728
S = 2.365817070007324

