MSE
[0.006441780366003513, 0.0064444211311638355, 0.006431294605135918, 0.006423166953027248, 0.00645260326564312]
mean 0.006438653264194727
std  1.0311404290646149e-05

uncal
NLL
[-4.757900714874268, -4.706642150878906, -4.7428364753723145, -4.733496189117432, -4.695674419403076]
mean -4.727309989929199
std  0.022991747027134343
UCE
[0.004763397853821516, 0.004615454468876123, 0.004566110670566559, 0.004693544004112482, 0.004585043527185917]
mean 0.4644710123538971
std  0.00822578277438879

aux
NLL
[-6.192908763885498, -6.147899627685547, -6.170933723449707, -6.15756368637085, -6.131617069244385]
mean -6.160184574127197
std  0.020786092001287775
UCE
[0.004541751462966204, 0.004557835403829813, 0.004603021312505007, 0.004675573669373989, 0.004875455517321825]
mean 0.46507278084754944
std  0.013592330738902092

s
NLL
[-5.630553722381592, -5.618244171142578, -5.624002456665039, -5.6215128898620605, -5.608173847198486]
mean -5.620497417449951
std  0.007367404640192885
UCE
[0.0016771203372627497, 0.0018358323723077774, 0.0016078997869044542, 0.001796326949261129, 0.0016994609031826258]
mean 0.1723327934741974
std  0.009221511892974377
S = 1.76752507686615

