MSE
[0.0034715624060481787, 0.003476551501080394, 0.0034747300669550896, 0.0034770288038998842, 0.00346919777803123]
mean 0.0034738141112029552
std  3.0015741028026608e-06

uncal
NLL
[-0.8146154880523682, -0.8071659207344055, -0.848459780216217, -0.8380616903305054, -0.8656729459762573]
mean -0.8347951650619507
std  0.021547267832179983
UCE
[0.0029199873097240925, 0.002928689122200012, 0.0029273845721036196, 0.0029281689785420895, 0.002919586608186364]
mean 0.2924763560295105
std  0.00045686442172154784

aux
NLL
[-4.712831020355225, -4.7106499671936035, -4.714518070220947, -4.713357448577881, -4.717189788818359]
mean -4.7137092590332035
std  0.002145814691654066
UCE
[0.00042166197090409696, 0.00041261035948991776, 0.00046999199548736215, 0.0003957086300943047, 0.0004335668054409325]
mean 0.04267079755663872
std  0.002786447061225772

s
NLL
[-4.706023693084717, -4.704523086547852, -4.709933280944824, -4.709176063537598, -4.7119269371032715]
mean -4.708316612243652
std  0.0026845869433531665
UCE
[0.00035512165050022304, 0.0003730280150193721, 0.0005975971580483019, 0.0003439319261815399, 0.00027712216251529753]
mean 0.03893601894378662
std  0.012192494235932827
S = 2.528470754623413

