MSE
[0.0034693835768848658, 0.003480230225250125, 0.003505576401948929, 0.003480113809928298, 0.003465493442490697]
mean 0.0034801594913005827
std  1.3980270070168255e-05

uncal
NLL
[6.33780574798584, 6.252326488494873, 6.500991344451904, 6.2840657234191895, 6.339428901672363]
mean 6.342923641204834
std  0.08566901821594362
UCE
[0.0031521182972937822, 0.0031494584400206804, 0.0031906815711408854, 0.003160337219014764, 0.0031339055858552456]
mean 0.3157300353050232
std  0.002097140299156308

aux
NLL
[-4.749184608459473, -4.755354881286621, -4.735598087310791, -4.745318412780762, -4.751476287841797]
mean -4.747386455535889
std  0.006733473359559756
UCE
[0.0006593495490960777, 0.0006175816524773836, 0.0006528012454509735, 0.0006511405808851123, 0.0005477241356857121]
mean 0.0625719428062439
std  0.004652992356568575

s
NLL
[-4.643710136413574, -4.651173114776611, -4.630386829376221, -4.641250133514404, -4.643036365509033]
mean -4.641911315917969
std  0.006686304840155475
UCE
[0.0016801367746666074, 0.0018300884403288364, 0.0016704468289390206, 0.001942233880981803, 0.0017982233548536897]
mean 0.17842260003089905
std  0.011296686716377735
S = 3.9140267372131348

