MSE
[0.005114440340548754, 0.005111746024340391, 0.0051180957816541195, 0.005118685308843851, 0.005121526774019003]
mean 0.0051168988458812235
std  3.4245479208554446e-06

uncal
NLL
[-3.9891481399536133, -3.9922375679016113, -3.986525058746338, -3.987988233566284, -3.9824795722961426]
mean -3.9876757144927977
std  0.0032062474579226175
UCE
[0.002754318993538618, 0.0027402956038713455, 0.0027447075117379427, 0.002757908310741186, 0.0027606936637312174]
mean 0.27515849471092224
std  0.0008734727161936462

aux
NLL
[-4.343563079833984, -4.345465183258057, -4.342082977294922, -4.343268871307373, -4.339868545532227]
mean -4.3428497314453125
std  0.001843936750970531
UCE
[0.000572393590118736, 0.0005747026298195124, 0.0005329247214831412, 0.0005633864784613252, 0.0006032240344211459]
mean 0.05693262815475464
std  0.002523750299587846

s
NLL
[-4.3381524085998535, -4.339832305908203, -4.33691930770874, -4.3377227783203125, -4.334815502166748]
mean -4.337488460540771
std  0.001640608690021469
UCE
[0.0006503060576505959, 0.0006109008099883795, 0.0006383368745446205, 0.0005912537453696132, 0.0006590803968720138]
mean 0.06299755722284317
std  0.002825576812028885
S = 1.400407314300537

