MSE
[0.0058735995553433895, 0.005899148527532816, 0.005885071586817503, 0.005895409733057022, 0.005894997622817755]
mean 0.005889645405113697
std  9.279786154437663e-06

uncal
NLL
[-4.780261516571045, -4.735314846038818, -4.785264015197754, -4.720019340515137, -4.7139892578125]
mean -4.74696979522705
std  0.03008210993638095
UCE
[0.00433475011959672, 0.004340460989624262, 0.004350185394287109, 0.0043530333787202835, 0.004344360437244177]
mean 0.4344557821750641
std  0.0007357258582487702

aux
NLL
[3.7390503883361816, 3.7391326427459717, 3.738248348236084, 3.7386410236358643, 3.7377450466156006]
mean 3.7385634899139406
std  0.0005169487803535496
UCE
[0.0013627527514472604, 0.0011833683820441365, 0.0012750159949064255, 0.0012748086592182517, 0.0014201538870111108]
mean 0.13032199442386627
std  0.009108339436352253

s
NLL
[-5.636295318603516, -5.621816635131836, -5.637153625488281, -5.618292331695557, -5.6139068603515625]
mean -5.625492954254151
std  0.009510669677861095
UCE
[0.0010015550069510937, 0.0010427949018776417, 0.0010950267314910889, 0.0011769183911383152, 0.0010492713190615177]
mean 0.10731133073568344
std  0.0066827996633946896
S = 1.794884443283081

