MSE
[0.006225181743502617, 0.006179075222462416, 0.006117362529039383, 0.006118998397141695, 0.006108695641160011]
mean 0.006149862706661224
std  4.523256088195674e-05

uncal
NLL
[-5.639732360839844, -5.663885116577148, -5.664102077484131, -5.70344352722168, -5.660146713256836]
mean -5.666261959075928
std  0.02065913498928613
UCE
[0.003019479801878333, 0.002970942063257098, 0.002944694133475423, 0.002899511717259884, 0.002899404615163803]
mean 0.294680655002594
std  0.005087266210466623

aux
NLL
[3.6518914699554443, 3.657334804534912, 3.6560816764831543, 3.6522274017333984, 3.6555798053741455]
mean 3.654623031616211
std  0.0021724292796925634
UCE
[0.002367449691519141, 0.002394273178651929, 0.0024552415125072002, 0.00256321020424366, 0.0025321850553154945]
mean 0.24624720215797424
std  0.00847653765231371

s
NLL
[-5.753051280975342, -5.773278713226318, -5.771841049194336, -5.789785861968994, -5.769052028656006]
mean -5.7714017868042
std  0.011695746675062676
UCE
[0.0014797025360167027, 0.0011469059390947223, 0.0010934118181467056, 0.001520943595096469, 0.001603306969627738]
mean 0.13688541948795319
std  0.02321186102926731
S = 1.3188612461090088

