MSE
[0.0060590095818042755, 0.0060835592448711395, 0.006046945694833994, 0.0060570379719138145, 0.006046712398529053]
mean 0.006058652978390455
std  1.3436483599655963e-05

uncal
NLL
[-2.9337737560272217, -2.977076530456543, -2.8687639236450195, -2.930431842803955, -2.865936040878296]
mean -2.915196418762207
std  0.042400342595235785
UCE
[0.0047463588416576385, 0.00477511016651988, 0.004731565248221159, 0.004746215883642435, 0.0047368318773806095]
mean 0.47472161054611206
std  0.0016827078070491552

aux
NLL
[3.461344003677368, 3.46293306350708, 3.4638559818267822, 3.4628512859344482, 3.462688446044922]
mean 3.46273455619812
std  0.0008057777463881145
UCE
[0.003559938631951809, 0.0036062621511518955, 0.0037237743381410837, 0.0034052464179694653, 0.003425298724323511]
mean 0.35441040992736816
std  0.013209080323576927

s
NLL
[-5.164632320404053, -5.174890041351318, -5.158129692077637, -5.167089939117432, -5.154316425323486]
mean -5.163811683654785
std  0.007163733270660515
UCE
[0.0021932071540504694, 0.002262706169858575, 0.002357982564717531, 0.0022070324048399925, 0.0021793032065033913]
mean 0.2240046262741089
std  0.0073136817663908005
S = 2.377854108810425

