MSE
[0.0003992226265836507, 0.0003980105393566191, 0.00039900714182294905, 0.00039681652560830116, 0.0003969619865529239]
mean 0.00039800376398488877
std  9.987266099215514e-07

uncal
NLL
[-3.836418390274048, -3.854680299758911, -3.843435049057007, -3.868985414505005, -3.8217978477478027]
mean -3.845063400268555
std  0.016021368109532242
UCE
[0.00032955739879980683, 0.00032872147858142853, 0.00032906627166084945, 0.00032799082691781223, 0.00032788366661407053]
mean 0.032864391803741455
std  7.112193270586431e-05

aux
NLL
[-6.7871599197387695, -6.791451454162598, -6.786332607269287, -6.794088840484619, -6.789061546325684]
mean -6.789618873596192
std  0.0028458942231480372
UCE
[0.0004280561988707632, 0.00042462541023269296, 0.00043747382005676627, 0.00042154730181209743, 0.0004205223231110722]
mean 0.042644500732421875
std  0.0006830208585597575

s
NLL
[-6.732100963592529, -6.735363960266113, -6.731845378875732, -6.7376484870910645, -6.733975887298584]
mean -6.7341869354248045
std  0.0021562205028416792
UCE
[0.00043447004281915724, 0.0004320274165365845, 0.0004391179245430976, 0.00042963080340996385, 0.00043093381100334227]
mean 0.04332359880208969
std  0.000373758259229362
S = 3.462449312210083

