MSE
[0.0010624794522300363, 0.0010620162356644869, 0.0010558309732005, 0.0010559095535427332, 0.0010677145328372717]
mean 0.0010607901494950056
std  4.488156906026158e-06

uncal
NLL
[-4.968238353729248, -4.925809383392334, -4.92351770401001, -4.952061653137207, -4.930124282836914]
mean -4.939950275421142
std  0.017397960830881333
UCE
[0.0008097778772935271, 0.0008111933129839599, 0.0008113307994790375, 0.0008070996263995767, 0.0008141081780195236]
mean 0.0810701996088028
std  0.00025529289268888533

aux
NLL
[-6.008717060089111, -6.0064377784729, -6.005837440490723, -6.0143656730651855, -6.006960868835449]
mean -6.008463764190674
std  0.003103468251150906
UCE
[0.0006512884283438325, 0.0006447919877246022, 0.0006752553163096309, 0.0006335768266580999, 0.0006636548205278814]
mean 0.06537134945392609
std  0.0016231436748057604

s
NLL
[-6.041571140289307, -6.04006290435791, -6.038551330566406, -6.048708915710449, -6.040682315826416]
mean -6.041915321350098
std  0.0035366529448828572
UCE
[0.0006541263428516686, 0.0006403059232980013, 0.0006662433734163642, 0.0006485048797912896, 0.0006738465162925422]
mean 0.06566054373979568
std  0.0013486874522641301
S = 2.576453685760498

