MSE
[0.0008909926400519907, 0.00089226383715868, 0.0008870710153132677, 0.0008882882539182901, 0.0008915751241147518]
mean 0.0008900381741113961
std  2.004647029287998e-06

uncal
NLL
[-5.94230842590332, -5.94705057144165, -5.9446306228637695, -5.946817398071289, -5.938348770141602]
mean -5.943831157684326
std  0.003234089869135562
UCE
[0.0004749044601339847, 0.0004740081203635782, 0.00046719174133613706, 0.00047071068547666073, 0.0004739468276966363]
mean 0.047215238213539124
std  0.000319860118906945

aux
NLL
[-6.174217700958252, -6.175010681152344, -6.177301406860352, -6.177277088165283, -6.174368858337402]
mean -6.175635147094726
std  0.001376589304451399
UCE
[0.0004158468509558588, 0.0004242278228048235, 0.00042012057383544743, 0.0004239919362589717, 0.00043324538273736835]
mean 0.042348653078079224
std  0.0006436891271732748

s
NLL
[-6.171430587768555, -6.172161102294922, -6.174256801605225, -6.174549102783203, -6.171290397644043]
mean -6.1727375984191895
std  0.0013945996620573795
UCE
[0.0004374528652988374, 0.0004364565829746425, 0.000452081992989406, 0.0004528741701506078, 0.00046091468539088964]
mean 0.04479560628533363
std  0.0010626522125676274
S = 1.7820849418640137

