MSE
[0.006171018350869417, 0.006154781673103571, 0.006089295260608196, 0.006154588423669338, 0.006220897193998098]
mean 0.0061581161804497245
std  4.2113666852168234e-05

uncal
NLL
[-5.664395809173584, -5.668802261352539, -5.655853748321533, -5.667793273925781, -5.657070636749268]
mean -5.662783145904541
std  0.005377380925642948
UCE
[0.0027969409711658955, 0.0027961265295743942, 0.002879482228308916, 0.0029432394076138735, 0.002996063558384776]
mean 0.2882370352745056
std  0.008856589905917645

aux
NLL
[-6.0446577072143555, -6.040501117706299, -6.027993202209473, -6.039333820343018, -6.03507661819458]
mean -6.037512493133545
std  0.0056542652982832136
UCE
[0.00418437272310257, 0.0042656660079956055, 0.004231308586895466, 0.004229347221553326, 0.00420998502522707]
mean 0.42241358757019043
std  0.0029936223290860653

s
NLL
[-5.771662712097168, -5.768846035003662, -5.767187595367432, -5.775479316711426, -5.767444610595703]
mean -5.770124053955078
std  0.003113899364494098
UCE
[0.0015948364743962884, 0.0017439783550798893, 0.0015074318507686257, 0.0012749629095196724, 0.0016149516450241208]
mean 0.15472322702407837
std  0.01741233840584755
S = 1.3130842447280884

