MSE
[0.006065670866519213, 0.006088792346417904, 0.006050277501344681, 0.0060766469687223434, 0.006067562382668257]
mean 0.00606979001313448
std  1.273400434134855e-05

uncal
NLL
[-2.8630950450897217, -2.8819568157196045, -2.904993772506714, -2.9472625255584717, -2.9354166984558105]
mean -2.9065449714660643
std  0.03157966293034747
UCE
[0.004616154357790947, 0.0047870357520878315, 0.004742029123008251, 0.004616971127688885, 0.004753625486046076]
mean 0.4703163206577301
std  0.008076390251517296

aux
NLL
[-5.1682610511779785, -5.171148300170898, -5.17527961730957, -5.180436134338379, -5.178293228149414]
mean -5.174683666229248
std  0.004477137066374935
UCE
[0.0033454825170338154, 0.003374656429514289, 0.003402931382879615, 0.0034999968484044075, 0.0034755244851112366]
mean 0.34197181463241577
std  0.0065920972265303135

s
NLL
[-5.157007217407227, -5.158469200134277, -5.162605285644531, -5.168190002441406, -5.165976524353027]
mean -5.162449645996094
std  0.004263303061425105
UCE
[0.0022963620722293854, 0.0024411475751549006, 0.0022770012728869915, 0.0024631586857140064, 0.0021430705673992634]
mean 0.23241479694843292
std  0.013114569708704948
S = 2.3896214962005615

