MSE
[0.005906990729272366, 0.005853548645973206, 0.005914116743952036, 0.0058685848489403725, 0.0059280721470713615]
mean 0.005894262623041868
std  2.834166802425822e-05

uncal
NLL
[-4.7332763671875, -4.776325225830078, -4.681114196777344, -4.805367946624756, -4.766834259033203]
mean -4.752583599090576
std  0.042505477680922776
UCE
[0.004373928997665644, 0.004317683167755604, 0.0043947952799499035, 0.004328591283410788, 0.004393300507217646]
mean 0.436165988445282
std  0.003632177598774433

aux
NLL
[-6.353707790374756, -6.3791890144348145, -6.317950248718262, -6.371708393096924, -6.453657150268555]
mean -6.375242519378662
std  0.04454900232350408
UCE
[0.0009996630251407623, 0.0013235958758741617, 0.001444525085389614, 0.0012081642635166645, 0.001438838429749012]
mean 0.12829573452472687
std  0.018567729741334915

s
NLL
[-5.617432594299316, -5.638721466064453, -5.614035606384277, -5.641864776611328, -5.632400989532471]
mean -5.628891086578369
std  0.011218330978938852
UCE
[0.0010324519826099277, 0.0012127060908824205, 0.001297095906920731, 0.0011587005574256182, 0.001289833104237914]
mean 0.11981575191020966
std  0.010888070799410343
S = 1.791340708732605

