MSE
[0.0010496398899704218, 0.001035388559103012, 0.0010403881315141916, 0.0010405339999124408, 0.0010396979050710797]
mean 0.0010411296971142292
std  4.654865223905783e-06

uncal
NLL
[-5.935892581939697, -5.946290016174316, -5.942417144775391, -5.9427947998046875, -5.936885833740234]
mean -5.940856075286865
std  0.0039018556718130467
UCE
[0.0006021332810632885, 0.0005754647427238524, 0.0005955279339104891, 0.0005751920398324728, 0.0005848060827702284]
mean 0.05866248160600662
std  0.0012024359311908484

aux
NLL
[-6.172297477722168, -6.176581859588623, -6.174119472503662, -6.175024032592773, -6.173605442047119]
mean -6.174325656890869
std  0.0014319854327053383
UCE
[0.0003601348726078868, 0.00034432081156410277, 0.0003515258140396327, 0.0003662358212750405, 0.00035360731999389827]
mean 0.035516493022441864
std  0.0008374509634450078

s
NLL
[-6.167741775512695, -6.171851634979248, -6.16962194442749, -6.170430660247803, -6.169184684753418]
mean -6.169766139984131
std  0.0013599860743829827
UCE
[0.0003555111470632255, 0.000348069443134591, 0.0003627555270213634, 0.00035887619014829397, 0.00036103485035710037]
mean 0.0357249453663826
std  0.000580057327169925
S = 1.7898043394088745

