MSE
[0.00042612856486812234, 0.0004265097086317837, 0.0004262251895852387, 0.00042561732698231936, 0.00042793789179995656]
mean 0.0004264837363734841
std  7.821637981359023e-07

uncal
NLL
[-3.828547716140747, -3.853560209274292, -3.853088617324829, -3.8560187816619873, -3.8373851776123047]
mean -3.845720100402832
std  0.010827621193896042
UCE
[0.00035477604251354933, 0.00035119696985930204, 0.00035585241857916117, 0.0003551417321432382, 0.0003522867045830935]
mean 0.03538507968187332
std  0.00020011435844935477

aux
NLL
[-6.762495994567871, -6.764300346374512, -6.764438629150391, -6.766689300537109, -6.758828639984131]
mean -6.763350582122802
std  0.002623403122382751
UCE
[0.0003799032128881663, 0.00039166855276562274, 0.0003813295334111899, 0.0003836398827843368, 0.00038259962457232177]
mean 0.038382817059755325
std  0.00046006820048205554

s
NLL
[-6.723392963409424, -6.7250285148620605, -6.724953651428223, -6.726818084716797, -6.720073223114014]
mean -6.724053287506104
std  0.0022663965973393017
UCE
[0.0004141888930462301, 0.0004221878480166197, 0.0004177145310677588, 0.0004112059832550585, 0.0004199415270704776]
mean 0.041704777628183365
std  0.0004402798949740827
S = 3.49814510345459

