MSE
[0.001187891117297113, 0.001190011389553547, 0.0011908157030120492, 0.0011868589790537953, 0.0011971526546403766]
mean 0.0011905459687113762
std  3.5958019745342026e-06

uncal
NLL
[-4.935835838317871, -4.939024448394775, -4.94535493850708, -4.960827350616455, -4.9328107833862305]
mean -4.942770671844483
std  0.009940297447615836
UCE
[0.0003806520253419876, 0.0003777520905714482, 0.00037331265048123896, 0.0003720900567714125, 0.0003785713342949748]
mean 0.037647563964128494
std  0.00036297881160862744

aux
NLL
[-6.0576252937316895, -6.05555534362793, -6.058069705963135, -6.0581769943237305, -6.0527801513671875]
mean -6.0564414978027346
std  0.0020618006563201093
UCE
[0.0004106891865376383, 0.00043449318036437035, 0.00041154789505526423, 0.000426601996878162, 0.00043108139652758837]
mean 0.04228827357292175
std  0.001110196579247713

s
NLL
[-6.043247222900391, -6.0412702560424805, -6.043628215789795, -6.043773651123047, -6.03847599029541]
mean -6.042079067230224
std  0.0020135740579767334
UCE
[0.000441358337411657, 0.00045727670658379793, 0.0004399901663418859, 0.00044805571087636054, 0.00045183193287812173]
mean 0.0447702556848526
std  0.0007220988045446575
S = 2.574016571044922

