MSE
[0.0013393140397965908, 0.0013408306986093521, 0.0013446018565446138, 0.001342561561614275, 0.0013439255999401212]
mean 0.0013422467513009907
std  1.9529547351916776e-06

uncal
NLL
[-5.5112128257751465, -5.504806995391846, -5.502457141876221, -5.507805347442627, -5.507033348083496]
mean -5.506663131713867
std  0.002942006986494779
UCE
[0.00044248183257877827, 0.00044584565330296755, 0.00045051617780700326, 0.0004497409681789577, 0.0004514596948865801]
mean 0.044800885021686554
std  0.0003755755606107414

aux
NLL
[-5.612837314605713, -5.6103434562683105, -5.6098103523254395, -5.612593173980713, -5.61154842376709]
mean -5.611426544189453
std  0.0011959354878021138
UCE
[0.0001390971738146618, 0.0001455041638109833, 0.00017206724442075938, 0.0001351715618511662, 0.00013427087105810642]
mean 0.014522220008075237
std  0.0015646078391000628

s
NLL
[-5.610617160797119, -5.608053207397461, -5.6076788902282715, -5.610713005065918, -5.609611988067627]
mean -5.60933485031128
std  0.0012653259185583343
UCE
[0.00015776325017213821, 0.00015994474233593792, 0.00017148349434137344, 0.0001531335583422333, 0.00014204626495484263]
mean 0.015687426552176476
std  0.0010694741504266858
S = 1.2663943767547607

