MSE
[0.0019486858509480953, 0.0019467519596219063, 0.001948365243151784, 0.0019506386015564203, 0.0019525992684066296]
mean 0.0019494081847369672
std  2.0180171283172954e-06

uncal
NLL
[-3.4012863636016846, -3.385436534881592, -3.3977346420288086, -3.384840726852417, -3.385741949081421]
mean -3.3910080432891845
std  0.007038469225938324
UCE
[0.0014881568495184183, 0.0014856001362204552, 0.0014889476587995887, 0.0014906285796314478, 0.0014908536104485393]
mean 0.14888373017311096
std  0.0002134720707545057

aux
NLL
[-5.240874290466309, -5.2405524253845215, -5.241286754608154, -5.238699436187744, -5.239088535308838]
mean -5.240100288391114
std  0.0010195332611123982
UCE
[0.00017087154265027493, 0.00017085843137465417, 0.0001750992814777419, 0.00017791676509659737, 0.00015737538342364132]
mean 0.017042430117726326
std  0.0007884400547482073

s
NLL
[-5.238394260406494, -5.237292766571045, -5.238742828369141, -5.235681056976318, -5.2364726066589355]
mean -5.237316703796386
std  0.0011474644250005115
UCE
[0.0001928121637320146, 0.00020353434956632555, 0.00023043816327117383, 0.00021259908680804074, 0.00019654049538075924]
mean 0.020718486979603767
std  0.001502692117355764
S = 2.1305553913116455

