MSE
[0.0013989342842251062, 0.0014000367373228073, 0.001392603968270123, 0.0013967768754810095, 0.0013948468258604407]
mean 0.0013966397382318974
std  2.6953784416949847e-06

uncal
NLL
[-4.247038841247559, -4.238871097564697, -4.262866497039795, -4.247524738311768, -4.255388259887695]
mean -4.250337886810303
std  0.008157905419976304
UCE
[0.0010029635159298778, 0.0010053723817691207, 0.0009982583578675985, 0.0010038873879238963, 0.0010005149524658918]
mean 0.10021992772817612
std  0.00028226838912814856

aux
NLL
[-5.575878143310547, -5.574624061584473, -5.578883647918701, -5.574954032897949, -5.576265811920166]
mean -5.576121139526367
std  0.0015043144702056477
UCE
[8.884047565516084e-05, 0.00011739057663362473, 0.00010692963405745104, 0.00015048938803374767, 0.00012268187128938735]
mean 0.011726638302206993
std  0.002262737136334181

s
NLL
[-5.573793411254883, -5.572284698486328, -5.576577186584473, -5.572081565856934, -5.573415279388428]
mean -5.573630428314209
std  0.0016103540283917861
UCE
[9.397879330208525e-05, 0.00012469012290239334, 0.0001357764849672094, 0.00012888555647805333, 0.00011423468822613358]
mean 0.01195131242275238
std  0.0016271175118163228
S = 1.934116244316101

