MSE
[0.001394802937284112, 0.0013935307506471872, 0.0013982579112052917, 0.0013998058857396245, 0.0014011227758601308]
mean 0.0013975040521472693
std  2.899829270519462e-06

uncal
NLL
[-1.7315411567687988, -1.7305828332901, -1.719127893447876, -1.7019404172897339, -1.7118245363235474]
mean -1.7190033674240113
std  0.01126033375511249
UCE
[0.001186043256893754, 0.0011851323070004582, 0.0011896517826244235, 0.0011912997579202056, 0.0011921717086806893]
mean 0.11888597160577774
std  0.0003137535532005131

aux
NLL
[-5.577203273773193, -5.578205108642578, -5.575546741485596, -5.573824405670166, -5.573381423950195]
mean -5.575632190704345
std  0.0018670590781480734
UCE
[7.394663407467306e-05, 6.535391003126279e-05, 7.155342609621584e-05, 6.737323565175757e-05, 6.47251945338212e-05]
mean 0.006859047804027796
std  0.00040113882278092206

s
NLL
[-5.575181484222412, -5.576295852661133, -5.573840618133545, -5.571837425231934, -5.571545124053955]
mean -5.573740100860595
std  0.0018470330107188673
UCE
[9.04285698197782e-05, 0.00010591116733849049, 0.00010215552902081981, 0.00010430157999508083, 0.00011020297097275034]
mean 0.01025999616831541
std  0.0007416292792186141
S = 2.649322032928467

