MSE
[0.0019420726457610726, 0.00194525346159935, 0.0019534199964255095, 0.0019474792061373591, 0.0019477341556921601]
mean 0.0019471918931230903
std  3.718335071865952e-06

uncal
NLL
[-1.1049015522003174, -1.086541771888733, -1.0529749393463135, -1.090673804283142, -1.069892168045044]
mean -1.08099684715271
std  0.017912932915856668
UCE
[0.001664377050474286, 0.0016676218947395682, 0.0016759843565523624, 0.0016695645172148943, 0.001670338213443756]
mean 0.16695770621299744
std  0.00042572582606226206

aux
NLL
[-5.2421979904174805, -5.240372180938721, -5.236323356628418, -5.239707946777344, -5.238734722137451]
mean -5.2394672393798825
std  0.0019367209799484725
UCE
[0.00020738187595270574, 0.0001462091167923063, 0.0001715009711915627, 0.00016410645912401378, 0.00016687465540599078]
mean 0.017121460288763046
std  0.0022376268170773983

s
NLL
[-5.2395148277282715, -5.237515926361084, -5.233489990234375, -5.237046718597412, -5.235797882080078]
mean -5.236673069000244
std  0.0019911583460620083
UCE
[0.00024717283667996526, 0.000238784501561895, 0.00020743660570587963, 0.0002701919001992792, 0.00025265346630476415]
mean 0.02432478591799736
std  0.0023087982553988695
S = 2.739351272583008

