MSE
[0.0013403847115114331, 0.0013407630613073707, 0.0013390437234193087, 0.001340179587714374, 0.0013441287446767092]
mean 0.0013408999657258391
std  1.7131154788161082e-06

uncal
NLL
[-5.045366287231445, -5.047622203826904, -5.052693843841553, -5.042819023132324, -5.040952682495117]
mean -5.045890808105469
std  0.004083505748319057
UCE
[0.0007786902133375406, 0.0007810127572156489, 0.000774912943597883, 0.0007764729671180248, 0.0007789768860675395]
mean 0.07780131697654724
std  0.00023647709167562425

aux
NLL
[-5.613414287567139, -5.612754821777344, -5.615622043609619, -5.612191677093506, -5.60992956161499]
mean -5.6127824783325195
std  0.0018412636236064745
UCE
[0.00010791861859615892, 0.0001091279336833395, 0.0001101622183341533, 0.00010056861356133595, 0.00011826081026811153]
mean 0.01092076487839222
std  0.0006308165611699224

s
NLL
[-5.608397006988525, -5.607607364654541, -5.610846519470215, -5.60666036605835, -5.604482650756836]
mean -5.607598781585693
std  0.002086908425104886
UCE
[0.0001521177327958867, 0.00014391184959094971, 0.00014474859926849604, 0.00015972860273905098, 0.0001501982333138585]
mean 0.015014099888503551
std  0.0006397523102350533
S = 1.6035552024841309

