MSE
[0.001657932298257947, 0.0016600608360022306, 0.001659678528085351, 0.0016619320958852768, 0.001654109568335116]
mean 0.0016587426653131843
std  2.6422779127255773e-06

uncal
NLL
[-5.511936187744141, -5.510246753692627, -5.507510185241699, -5.502573490142822, -5.514010429382324]
mean -5.509255409240723
std  0.003961651256519159
UCE
[0.00042175810085609555, 0.00042175810085609555, 0.00042175810085609555, 0.00042175810085609555, 0.00042175810085609555]
mean 0.042175810784101486
std  0.0

aux
NLL
[-5.615981101989746, -5.615492820739746, -5.614612579345703, -5.611610412597656, -5.617968559265137]
mean -5.6151330947875975
std  0.0020769498749614364
UCE
[0.0002474260109011084, 0.0002516552049200982, 0.00026044074911624193, 0.0002597493876237422, 0.000242036025156267]
mean 0.025226149708032608
std  0.0007925881654955447

s
NLL
[-5.612410068511963, -5.611845970153809, -5.611114025115967, -5.608021259307861, -5.613672733306885]
mean -5.611412811279297
std  0.0018910998977206758
UCE
[0.00024124789342749864, 0.0002458022499922663, 0.00026082887779921293, 0.00025171355810016394, 0.00024095970729831606]
mean 0.024811046198010445
std  0.0008341108914464712
S = 1.2632009983062744

