MSE
[0.0021187039092183113, 0.0021148687228560448, 0.0021195781882852316, 0.0021226536482572556, 0.0021244485396891832]
mean 0.0021200506016612053
std  3.31681574296981e-06

uncal
NLL
[-3.3646602630615234, -3.385327100753784, -3.3837969303131104, -3.3979389667510986, -3.3595287799835205]
mean -3.3782504081726072
std  0.014168092538044668
UCE
[0.0016601458191871643, 0.0016552418237552047, 0.0016575477784499526, 0.0016533533344045281, 0.0016511281719431281]
mean 0.16554835438728333
std  0.00035200559068471193

aux
NLL
[-5.238439559936523, -5.241296768188477, -5.239662170410156, -5.240411758422852, -5.2366228103637695]
mean -5.239286613464356
std  0.0016285615032769676
UCE
[0.00013486071838997304, 0.00014976307284086943, 9.681303345132619e-05, 0.00013048373511992395, 0.00013448151003103703]
mean 0.012928041629493237
std  0.0019578749779611826

s
NLL
[-5.235482692718506, -5.238379955291748, -5.236948490142822, -5.237931728363037, -5.233795166015625]
mean -5.236507606506348
std  0.001681426365085429
UCE
[0.00018486418412066996, 0.0002238390443380922, 0.00016982675879262388, 0.0001480362843722105, 0.0001884051744127646]
mean 0.01829942688345909
std  0.0027823164127767086
S = 2.1351213455200195

