MSE
[0.0015708953142166138, 0.0015693616587668657, 0.0015745561104267836, 0.0015779035165905952, 0.001578094786964357]
mean 0.001574162277393043
std  3.5590896114143233e-06

uncal
NLL
[-4.2461256980896, -4.263418197631836, -4.255368709564209, -4.254109859466553, -4.2489166259765625]
mean -4.253587818145752
std  0.005959592842456707
UCE
[0.0011705767828971148, 0.0011570407077670097, 0.001170749543234706, 0.0011774160666391253, 0.0011696965666487813]
mean 0.11690958589315414
std  0.0007413508137688041

aux
NLL
[-5.57577657699585, -5.580662727355957, -5.5768632888793945, -5.5740437507629395, -5.573606014251709]
mean -5.57619047164917
std  0.0025263765957945707
UCE
[0.00013509525160770863, 0.00011963481665588915, 0.00012104899360565469, 0.0001408114330843091, 0.00011546173482201993]
mean 0.01264104526489973
std  0.001092408667318523

s
NLL
[-5.572880744934082, -5.578763484954834, -5.574957847595215, -5.571491241455078, -5.571284770965576]
mean -5.573875617980957
std  0.002773084078998049
UCE
[0.00014473556075245142, 0.00011529697076184675, 0.00010572619794402272, 0.00012583943316712976, 0.00011526272282935679]
mean 0.012137217447161674
std  0.0014873079489916563
S = 1.940985918045044

