MSE
[0.005092822015285492, 0.005111627280712128, 0.005106926430016756, 0.0051024495624005795, 0.005096818786114454]
mean 0.0051021288149058815
std  6.755053920136303e-06

uncal
NLL
[-3.900759696960449, -3.893649101257324, -3.8940863609313965, -3.8948450088500977, -3.8977434635162354]
mean -3.8962167263031007
std  0.0026826208332534833
UCE
[0.002798124449327588, 0.002863383386284113, 0.0028169690631330013, 0.0028066227678209543, 0.0028042064514011145]
mean 0.28178614377975464
std  0.0026340805925428867

aux
NLL
[-4.337283611297607, -4.3338303565979, -4.334072113037109, -4.334291458129883, -4.335626602172852]
mean -4.33502082824707
std  0.0012912329958523474
UCE
[0.0007430324330925941, 0.0008084815344773233, 0.0007125450065359473, 0.0006403211154974997, 0.0006314420024864376]
mean 0.07071644067764282
std  0.007379451300948858

s
NLL
[-4.339441776275635, -4.3360371589660645, -4.33624267578125, -4.336424827575684, -4.337766647338867]
mean -4.3371826171875
std  0.001281772248351653
UCE
[0.0005645434139296412, 0.0006676205666735768, 0.0004772211832460016, 0.0005448053125292063, 0.000513887673150748]
mean 0.055361561477184296
std  0.007177846506237984
S = 1.4580233097076416

