MSE
[0.0034864654298871756, 0.003482409054413438, 0.0034646722488105297, 0.0034562889486551285, 0.0034912105184048414]
mean 0.0034762092400342226
std  1.3405861826178232e-05

uncal
NLL
[13.550532341003418, 13.695317268371582, 13.537026405334473, 13.691137313842773, 13.597976684570312]
mean 13.614398002624512
std  0.06748584435783168
UCE
[0.0030387507285922766, 0.003043973119929433, 0.0030355460476130247, 0.0030334724579006433, 0.0030419963877648115]
mean 0.30387476086616516
std  0.0004357093130238354

aux
NLL
[-4.742799282073975, -4.742644786834717, -4.745086669921875, -4.743845462799072, -4.74116325378418]
mean -4.743107891082763
std  0.0013077382779992353
UCE
[0.00031576945912092924, 0.0005946404999122024, 0.0005226823850534856, 0.0005138608976267278, 0.000543885282240808]
mean 0.04981676861643791
std  0.010666941292583942

s
NLL
[-4.668635845184326, -4.664648056030273, -4.671632289886475, -4.664718151092529, -4.668798446655273]
mean -4.667686557769775
std  0.0026739549902100404
UCE
[0.0010774718830361962, 0.0009650657884776592, 0.0010033075232058764, 0.0009858342818915844, 0.0010467998217791319]
mean 0.10156957805156708
std  0.004580480046570301
S = 4.830060005187988

