MSE
[0.003494987729936838, 0.003482285188511014, 0.0034908715169876814, 0.003479351755231619, 0.003489434951916337]
mean 0.003487386228516698
std  5.739350089388688e-06

uncal
NLL
[1.7715247869491577, 1.7284225225448608, 1.730186104774475, 1.7152172327041626, 1.7790769338607788]
mean 1.744885516166687
std  0.02547945717489338
UCE
[0.003113450715318322, 0.003100448986515403, 0.003108297474682331, 0.003095640568062663, 0.0031090336851775646]
mean 0.3105374276638031
std  0.0007179334061220288

aux
NLL
[-4.695852279663086, -4.69980001449585, -4.698639869689941, -4.7003350257873535, -4.6954545974731445]
mean -4.698016357421875
std  0.0020095904894303625
UCE
[0.0004911245196126401, 0.00040790520142763853, 0.0004617535159923136, 0.00048441908438690007, 0.00047613479546271265]
mean 0.046426743268966675
std  0.0033358829095959663

s
NLL
[-4.690587043762207, -4.694962978363037, -4.694363594055176, -4.695150375366211, -4.689556121826172]
mean -4.6929240226745605
std  0.002366033766810545
UCE
[0.0005167648778297007, 0.0005480698891915381, 0.0005069429753348231, 0.0006028934149071574, 0.0004797442234121263]
mean 0.05308830738067627
std  0.004708637949079275
S = 2.9802069664001465

